app/build/outputs/mapping/release/seeds.txt
com.mohamedzaitoon.linkifyall.UpdateChecker$UpdateListener
com.mohamedzaitoon.linkifyall.UpdateChecker
com.mohamedzaitoon.linkifyall.R$mipmap
com.mohamedzaitoon.linkifyall.R
com.mohamedzaitoon.linkifyall.MainActivity$onDownloadComplete$1
com.mohamedzaitoon.linkifyall.Hook$handleLoadPackage$2
com.mohamedzaitoon.linkifyall.Hook$handleLoadPackage$3
com.mohamedzaitoon.linkifyall.Hook
com.mohamedzaitoon.linkifyall.MainActivity$checkForUpdates$1
com.mohamedzaitoon.linkifyall.MainActivity$startDownloadWatcher$runnable$1
com.mohamedzaitoon.linkifyall.R$string
com.mohamedzaitoon.linkifyall.R$xml
com.mohamedzaitoon.linkifyall.Hook$handleLoadPackage$1
com.mohamedzaitoon.linkifyall.MainActivity
com.mohamedzaitoon.linkifyall.UpdateChecker$ConfigResult
com.mohamedzaitoon.linkifyall.MainActivity$startDownloadWatcher$runnable$1: android.os.Handler $handler
com.mohamedzaitoon.linkifyall.UpdateChecker$ConfigResult: java.lang.String websiteUrl
com.mohamedzaitoon.linkifyall.UpdateChecker: java.lang.String KEY_LATEST_VERSION_NAME
com.mohamedzaitoon.linkifyall.MainActivity: java.lang.String currentGithubUrl
com.mohamedzaitoon.linkifyall.UpdateChecker: com.mohamedzaitoon.linkifyall.UpdateChecker INSTANCE
com.mohamedzaitoon.linkifyall.R$string: int google_api_key
com.mohamedzaitoon.linkifyall.R$string: int google_crash_reporting_api_key
com.mohamedzaitoon.linkifyall.MainActivity: androidx.swiperefreshlayout.widget.SwipeRefreshLayout swipeRefreshLayout
com.mohamedzaitoon.linkifyall.MainActivity: android.widget.TextView websiteButton
com.mohamedzaitoon.linkifyall.MainActivity: android.widget.TextView githubButton
com.mohamedzaitoon.linkifyall.MainActivity: android.widget.Button updateButton
com.mohamedzaitoon.linkifyall.Hook$handleLoadPackage$3: com.mohamedzaitoon.linkifyall.Hook this$0
com.mohamedzaitoon.linkifyall.R$mipmap: int ic_launcher_monochrome
com.mohamedzaitoon.linkifyall.MainActivity: java.lang.String downloadFileName
com.mohamedzaitoon.linkifyall.R$mipmap: int ic_launcher
com.mohamedzaitoon.linkifyall.MainActivity$startDownloadWatcher$runnable$1: com.mohamedzaitoon.linkifyall.MainActivity this$0
com.mohamedzaitoon.linkifyall.UpdateChecker: java.lang.String KEY_LATEST_VERSION_CODE
com.mohamedzaitoon.linkifyall.MainActivity: android.app.AlertDialog progressDialog
com.mohamedzaitoon.linkifyall.R$xml: int provider_paths
com.mohamedzaitoon.linkifyall.UpdateChecker: java.lang.String KEY_WEBSITE_URL
com.mohamedzaitoon.linkifyall.UpdateChecker$ConfigResult: boolean updateAvailable
com.mohamedzaitoon.linkifyall.MainActivity$startDownloadWatcher$runnable$1: android.app.DownloadManager $manager
com.mohamedzaitoon.linkifyall.MainActivity: com.mohamedzaitoon.linkifyall.MainActivity$onDownloadComplete$1 onDownloadComplete
com.mohamedzaitoon.linkifyall.R$mipmap: int ic_launcher_foreground
com.mohamedzaitoon.linkifyall.MainActivity: boolean isDownloading
com.mohamedzaitoon.linkifyall.UpdateChecker$ConfigResult: java.lang.String downloadUrl
com.mohamedzaitoon.linkifyall.R$string: int google_storage_bucket
com.mohamedzaitoon.linkifyall.R$mipmap: int ic_launcher_background
com.mohamedzaitoon.linkifyall.UpdateChecker: java.lang.String KEY_GITHUB_URL
com.mohamedzaitoon.linkifyall.R$string: int project_id
com.mohamedzaitoon.linkifyall.R$string: int google_app_id
com.mohamedzaitoon.linkifyall.Hook$handleLoadPackage$2: com.mohamedzaitoon.linkifyall.Hook this$0
com.mohamedzaitoon.linkifyall.MainActivity: android.widget.TextView dialogPercentText
com.mohamedzaitoon.linkifyall.R$string: int gcm_defaultSenderId
com.mohamedzaitoon.linkifyall.MainActivity: android.widget.ProgressBar dialogProgressBar
com.mohamedzaitoon.linkifyall.Hook: java.util.regex.Pattern urlPattern
com.mohamedzaitoon.linkifyall.UpdateChecker$ConfigResult: java.lang.String latestVersionName
com.mohamedzaitoon.linkifyall.UpdateChecker$ConfigResult: java.lang.String releaseNotes
com.mohamedzaitoon.linkifyall.UpdateChecker$ConfigResult: java.lang.String githubUrl
...
com.google.firebase.inject.Deferred$DeferredHandler: void handle(com.google.firebase.inject.Provider)
com.google.firebase.encoders.json.JsonDataEncoderBuilder$1: void encode(java.lang.Object,java.io.Writer)
androidx.privacysandbox.ads.adservices.java.measurement.MeasurementManagerFutures$Api33Ext5JavaImpl: com.google.common.util.concurrent.ListenableFuture registerWebSourceAsync(androidx.privacysandbox.ads.adservices.measurement.WebSourceRegistrationRequest)
com.google.firebase.concurrent.SequentialExecutor: void execute(java.lang.Runnable)
kotlin.reflect.KVisibility: kotlin.reflect.KVisibility valueOf(java.lang.String)
com.google.firebase.concurrent.ExecutorsRegistrar: java.util.concurrent.ScheduledExecutorService lambda$static$0()
com.google.firebase.heartbeatinfo.AutoValue_HeartBeatResult: AutoValue_HeartBeatResult(java.lang.String,java.util.List)
androidx.swiperefreshlayout.widget.SwipeRefreshLayout: int getProgressViewEndOffset()
com.google.firebase.remoteconfig.internal.ConfigContainer$Builder: ConfigContainer$Builder()
com.google.firebase.remoteconfig.FirebaseRemoteConfigClientException: FirebaseRemoteConfigClientException(java.lang.String)
androidx.privacysandbox.ads.adservices.measurement.MeasurementManagerImplCommon: java.lang.Object registerSource$suspendImpl(androidx.privacysandbox.ads.adservices.measurement.MeasurementManagerImplCommon,androidx.privacysandbox.ads.adservices.measurement.SourceRegistrationRequest,kotlin.coroutines.Continuation)
com.google.firebase.concurrent.SequentialExecutor$1: SequentialExecutor$1(com.google.firebase.concurrent.SequentialExecutor,java.lang.Runnable)
androidx.core.app.NotificationCompat$BubbleMetadata$Api30Impl: android.app.Notification$BubbleMetadata toPlatform(androidx.core.app.NotificationCompat$BubbleMetadata)
com.google.firebase.components.RestrictedComponentContainer: java.lang.Object get(com.google.firebase.components.Qualified)
com.google.firebase.logger.Logger: int warn$default(com.google.firebase.logger.Logger,java.lang.String,java.lang.Throwable,int,java.lang.Object)
com.google.firebase.encoders.json.JsonValueObjectEncoderContext: com.google.firebase.encoders.ObjectEncoderContext add(com.google.firebase.encoders.FieldDescriptor,boolean)
com.google.firebase.concurrent.ExecutorsRegistrar: java.util.concurrent.ScheduledExecutorService lambda$getComponents$4(com.google.firebase.components.ComponentContainer)
com.google.firebase.analytics.connector.AnalyticsConnectorImpl: com.google.firebase.analytics.connector.AnalyticsConnector getInstance(com.google.firebase.FirebaseApp,android.content.Context,com.google.firebase.events.Subscriber)
com.google.firebase.remoteconfig.RemoteConfigKt: com.google.firebase.remoteconfig.FirebaseRemoteConfig getRemoteConfig(com.google.firebase.Firebase)
androidx.core.view.WindowInsetsCompat$Impl: androidx.core.graphics.Insets getTappableElementInsets()
com.google.firebase.remoteconfig.interop.rollouts.RolloutsState: com.google.firebase.remoteconfig.interop.rollouts.RolloutsState create(java.util.Set)
com.google.firebase.installations.AutoValue_InstallationTokenResult: long getTokenExpirationTimestamp()
com.google.android.gms.measurement.internal.zzls: com.google.android.gms.measurement.internal.zzls[] values()
com.google.firebase.remoteconfig.FirebaseRemoteConfig: java.util.List toExperimentInfoMaps(org.json.JSONArray)
com.google.firebase.encoders.annotations.ExtraProperty: java.lang.Class[] allowedTypes()
com.google.firebase.concurrent.LimitedConcurrencyExecutor: void lambda$decorate$0(java.lang.Runnable)
com.google.firebase.analytics.AnalyticsKt: java.lang.Object getLOCK()
com.google.firebase.components.R: R()
com.google.firebase.installations.local.AutoValue_PersistedInstallationEntry: java.lang.String toString()
androidx.profileinstaller.ProfileVerifier$Api33Impl: android.content.pm.PackageInfo getPackageInfo(android.content.pm.PackageManager,android.content.Context)