app/build/outputs/mapping/release/usage.txt
com.mohamedzaitoon.linkifyall.MainActivity$$InternalSyntheticLambda$1$e8424b6891a4f1e043065933e7348f91e1a0d9df76021c4cea5d51e1145e6d83$1:
    public final void onRefresh()
...
com.google.android.gms.common.internal.IGmsServiceBroker$Stub
com.google.android.gms.common.internal.ImagesContract
com.google.android.gms.common.internal.LibraryVersion
com.google.android.gms.common.internal.MethodInvocation:
    public void <init>(int,int,int,long,long,java.lang.String,java.lang.String,int)
com.google.android.gms.common.internal.Objects:
    private void <init>()
    public static boolean checkBundlesEquality(android.os.Bundle,android.os.Bundle)
com.google.android.gms.common.internal.PendingResultUtil$ResultConverter
com.google.android.gms.common.internal.PendingResultUtil
com.google.android.gms.common.internal.Preconditions:
    private void <init>()
    public static varargs void checkArgument(boolean,java.lang.String,java.lang.Object[])
    public static double checkArgumentInRange(double,double,double,java.lang.String)
    public static float checkArgumentInRange(float,float,float,java.lang.String)
    public static int checkArgumentInRange(int,int,int,java.lang.String)
    public static long checkArgumentInRange(long,long,long,java.lang.String)
    public static void checkHandlerThread(android.os.Handler,java.lang.String)
    public static void checkMainThread()
    public static void checkMainThread(java.lang.String)
    public static int checkNotZero(int,java.lang.Object)
    public static long checkNotZero(long)
    public static long checkNotZero(long,java.lang.Object)
    public static varargs void checkState(boolean,java.lang.String,java.lang.Object[])
    static varargs java.lang.String zza(java.lang.String,java.lang.Object[])
com.google.android.gms.common.internal.ResourceUtils
com.google.android.gms.common.internal.ServiceSpecificExtraArgs$CastExtraArgs
com.google.android.gms.common.internal.ServiceSpecificExtraArgs$GamesExtraArgs
com.google.android.gms.common.internal.ServiceSpecificExtraArgs$PlusExtraArgs
com.google.android.gms.common.internal.ServiceSpecificExtraArgs
com.google.android.gms.common.internal.ShowFirstParty
com.google.android.gms.common.internal.TelemetryLogging:
    private void <init>()
com.google.android.gms.common.internal.TelemetryLoggingOptions$Builder:
    private void <init>()
com.google.android.gms.common.internal.ViewUtils
com.google.android.gms.common.internal.constants.ListAppsActivityContract
com.google.android.gms.common.internal.safeparcel.SafeParcelReader:
    private void <init>()
    public static java.math.BigDecimal createBigDecimal(android.os.Parcel,int)
    public static java.math.BigDecimal[] createBigDecimalArray(android.os.Parcel,int)
    public static java.math.BigInteger createBigInteger(android.os.Parcel,int)
    public static java.math.BigInteger[] createBigIntegerArray(android.os.Parcel,int)
    public static boolean[] createBooleanArray(android.os.Parcel,int)
    public static java.util.ArrayList createBooleanList(android.os.Parcel,int)
    public static byte[][] createByteArrayArray(android.os.Parcel,int)
    public static android.util.SparseArray createByteArraySparseArray(android.os.Parcel,int)
    public static char[] createCharArray(android.os.Parcel,int)
    public static double[] createDoubleArray(android.os.Parcel,int)
    public static java.util.ArrayList createDoubleList(android.os.Parcel,int)
    public static android.util.SparseArray createDoubleSparseArray(android.os.Parcel,int)
    public static float[] createFloatArray(android.os.Parcel,int)
    public static java.util.ArrayList createFloatList(android.os.Parcel,int)
    public static android.util.SparseArray createFloatSparseArray(android.os.Parcel,int)
    public static android.os.IBinder[] createIBinderArray(android.os.Parcel,int)
    public static java.util.ArrayList createIBinderList(android.os.Parcel,int)